********************************************************************************
* Unified simulation Tcl App stack trace dump
*
* File: .usf.tcl_error.log (Thu Jun 29 14:09:55 2023)
*
* This file is generated by the unified simulation automation and contains the
* tcl stack trace of error returned by the simulator App for the current run.
*
********************************************************************************

    while executing
"set_property "NL.MODE" "funcsim" $fs_obj"
    (procedure "xcs_set_simulation_flow" line 41)
    invoked from within
"xcs_set_simulation_flow $a_sim_vars(s_simset) $a_sim_vars(s_mode) $a_sim_vars(s_type) a_sim_vars(s_flow_dir_key) a_sim_vars(s_simulation_flow)"
    (procedure "usf_xsim_setup_simulation" line 9)
    invoked from within
"usf_xsim_setup_simulation"
    (procedure "tclapp::xilinx::xsim::setup" line 24)
    invoked from within
"tclapp::xilinx::xsim::setup { -simset sim_1 -mode post-synthesis -type functional -run_dir C:/Users/matia/Desktop/prueba/Generador/Generador.sim/sim_1..."
